Performing C SOURCE FILE Test CMAKE_HAVE_LIBC_PTHREAD failed with the following output:
Change Dir: /home/guismus/Documents/B-YEP-400-MPL-4-1-indiestudio-paul.comte/build/CMakeFiles/CMakeTmp

Run Build Command(s):/usr/bin/make cmTC_4f887/fast && /usr/bin/make -f CMakeFiles/cmTC_4f887.dir/build.make CMakeFiles/cmTC_4f887.dir/build
make[1] : on entre dans le répertoire « /home/guismus/Documents/B-YEP-400-MPL-4-1-indiestudio-paul.comte/build/CMakeFiles/CMakeTmp »
Building C object CMakeFiles/cmTC_4f887.dir/src.c.o
/usr/bin/cc   -fno-strict-aliasing -Werror=implicit-function-declaration -Werror=pointer-arith  -DCMAKE_HAVE_LIBC_PTHREAD   -o CMakeFiles/cmTC_4f887.dir/src.c.o   -c /home/guismus/Documents/B-YEP-400-MPL-4-1-indiestudio-paul.comte/build/CMakeFiles/CMakeTmp/src.c
Linking C executable cmTC_4f887
/usr/bin/cmake -E cmake_link_script CMakeFiles/cmTC_4f887.dir/link.txt --verbose=1
/usr/bin/cc -fno-strict-aliasing -Werror=implicit-function-declaration -Werror=pointer-arith  -DCMAKE_HAVE_LIBC_PTHREAD    -rdynamic CMakeFiles/cmTC_4f887.dir/src.c.o  -o cmTC_4f887 
/usr/bin/ld : CMakeFiles/cmTC_4f887.dir/src.c.o : dans la fonction « main » :
src.c:(.text+0x46) : référence indéfinie vers « pthread_create »
/usr/bin/ld : src.c:(.text+0x52) : référence indéfinie vers « pthread_detach »
/usr/bin/ld : src.c:(.text+0x63) : référence indéfinie vers « pthread_join »
collect2: error: ld returned 1 exit status
make[1]: *** [CMakeFiles/cmTC_4f887.dir/build.make:87 : cmTC_4f887] Erreur 1
make[1] : on quitte le répertoire « /home/guismus/Documents/B-YEP-400-MPL-4-1-indiestudio-paul.comte/build/CMakeFiles/CMakeTmp »
make: *** [Makefile:121 : cmTC_4f887/fast] Erreur 2


Source file was:
#include <pthread.h>

void* test_func(void* data)
{
  return data;
}

int main(void)
{
  pthread_t thread;
  pthread_create(&thread, NULL, test_func, NULL);
  pthread_detach(thread);
  pthread_join(thread, NULL);
  pthread_atfork(NULL, NULL, NULL);
  pthread_exit(NULL);

  return 0;
}

Determining if the function pthread_create exists in the pthreads failed with the following output:
Change Dir: /home/guismus/Documents/B-YEP-400-MPL-4-1-indiestudio-paul.comte/build/CMakeFiles/CMakeTmp

Run Build Command(s):/usr/bin/make cmTC_cb245/fast && /usr/bin/make -f CMakeFiles/cmTC_cb245.dir/build.make CMakeFiles/cmTC_cb245.dir/build
make[1] : on entre dans le répertoire « /home/guismus/Documents/B-YEP-400-MPL-4-1-indiestudio-paul.comte/build/CMakeFiles/CMakeTmp »
Building C object CMakeFiles/cmTC_cb245.dir/CheckFunctionExists.c.o
/usr/bin/cc   -fno-strict-aliasing -Werror=implicit-function-declaration -Werror=pointer-arith  -DCHECK_FUNCTION_EXISTS=pthread_create   -std=gnu99 -o CMakeFiles/cmTC_cb245.dir/CheckFunctionExists.c.o   -c /usr/share/cmake-3.16/Modules/CheckFunctionExists.c
Linking C executable cmTC_cb245
/usr/bin/cmake -E cmake_link_script CMakeFiles/cmTC_cb245.dir/link.txt --verbose=1
/usr/bin/cc -fno-strict-aliasing -Werror=implicit-function-declaration -Werror=pointer-arith  -DCHECK_FUNCTION_EXISTS=pthread_create    CMakeFiles/cmTC_cb245.dir/CheckFunctionExists.c.o  -o cmTC_cb245  -lpthreads 
/usr/bin/ld : ne peut trouver -lpthreads
collect2: error: ld returned 1 exit status
make[1]: *** [CMakeFiles/cmTC_cb245.dir/build.make:87 : cmTC_cb245] Erreur 1
make[1] : on quitte le répertoire « /home/guismus/Documents/B-YEP-400-MPL-4-1-indiestudio-paul.comte/build/CMakeFiles/CMakeTmp »
make: *** [Makefile:121 : cmTC_cb245/fast] Erreur 2



